<?xml version="1.0" encoding="UTF-8"?>
<testng-results skipped="0" failed="0" ignored="0" total="1" passed="1">
  <reporter-output>
  </reporter-output>
  <suite name="Suite" duration-ms="244182" started-at="2018-07-19T05:45:38Z" finished-at="2018-07-19T05:49:42Z">
    <groups>
    </groups>
    <test name="Test" duration-ms="244182" started-at="2018-07-19T05:45:38Z" finished-at="2018-07-19T05:49:42Z">
      <class name="com.ecommerce.practise.TC001_Login">
        <test-method status="PASS" signature="beforeClass(java.lang.String)[pri:0, instance:com.ecommerce.practise.TC001_Login@8646db9]" name="beforeClass" is-config="true" duration-ms="225722" started-at="2018-07-19T05:45:38Z" finished-at="2018-07-19T05:49:24Z">
          <params>
            <param index="0">
              <value>
                <![CDATA[chrome]]>
              </value>
            </param>
          </params>
          <reporter-output>
          </reporter-output>
        </test-method> <!-- beforeClass -->
        <test-method status="PASS" signature="f()[pri:0, instance:com.ecommerce.practise.TC001_Login@8646db9]" name="f" duration-ms="18428" started-at="2018-07-19T05:49:24Z" finished-at="2018-07-19T05:49:42Z">
          <reporter-output>
          </reporter-output>
        </test-method> <!-- f -->
        <test-method status="PASS" signature="afterClass()[pri:0, instance:com.ecommerce.practise.TC001_Login@8646db9]" name="afterClass" is-config="true" duration-ms="1" started-at="2018-07-19T05:49:42Z" finished-at="2018-07-19T05:49:42Z">
          <reporter-output>
          </reporter-output>
        </test-method> <!-- afterClass -->
      </class> <!-- com.ecommerce.practise.TC001_Login -->
    </test> <!-- Test -->
  </suite> <!-- Suite -->
</testng-results>
