<?xml version="1.0" encoding="UTF-8"?>
<testng-results skipped="0" failed="0" ignored="0" total="1" passed="1">
  <reporter-output>
  </reporter-output>
  <suite name="Suite" duration-ms="47816" started-at="2018-06-01T16:37:28Z" finished-at="2018-06-01T16:38:16Z">
    <groups>
    </groups>
    <test name="Test" duration-ms="47816" started-at="2018-06-01T16:37:28Z" finished-at="2018-06-01T16:38:16Z">
      <class name="com.ecommerce.practise.TC001_Login">
        <test-method status="PASS" signature="beforeClass(java.lang.String)[pri:0, instance:com.ecommerce.practise.TC001_Login@1f36e637]" name="beforeClass" is-config="true" duration-ms="29980" started-at="2018-06-01T16:37:28Z" finished-at="2018-06-01T16:37:58Z">
          <params>
            <param index="0">
              <value>
                <![CDATA[chrome]]>
              </value>
            </param>
          </params>
          <reporter-output>
          </reporter-output>
        </test-method> <!-- beforeClass -->
        <test-method status="PASS" signature="f()[pri:0, instance:com.ecommerce.practise.TC001_Login@1f36e637]" name="f" duration-ms="17667" started-at="2018-06-01T16:37:58Z" finished-at="2018-06-01T16:38:16Z">
          <reporter-output>
          </reporter-output>
        </test-method> <!-- f -->
        <test-method status="PASS" signature="afterClass()[pri:0, instance:com.ecommerce.practise.TC001_Login@1f36e637]" name="afterClass" is-config="true" duration-ms="8" started-at="2018-06-01T16:38:16Z" finished-at="2018-06-01T16:38:16Z">
          <reporter-output>
          </reporter-output>
        </test-method> <!-- afterClass -->
      </class> <!-- com.ecommerce.practise.TC001_Login -->
    </test> <!-- Test -->
  </suite> <!-- Suite -->
</testng-results>
